<?xml version="1.0" encoding="UTF-8"?>
<!-- Generated by org.testng.reporters.JUnitXMLReporter -->
<testsuite ignored="4" hostname="DESKTOP-875B5PA" failures="0" tests="2" name="allgroupingtest" time="0.274" errors="0" timestamp="2025-03-07T11:24:52 IST">
  <testcase classname="zCaptureScreenn.Regression" name="regressionTCOne" time="0.014"/>
  <testcase classname="zCaptureScreenn.Regression" name="regressionTCtwo" time="0.001"/>
  <testcase classname="zCaptureScreenn.Master" name="masterTCOne" time="0.0">
    <ignored/>
  </testcase> <!-- masterTCOne -->
  <testcase classname="zCaptureScreenn.Master" name="masterTCtwo" time="0.0">
    <ignored/>
  </testcase> <!-- masterTCtwo -->
  <testcase classname="zCaptureScreenn.Sanity" name="sanityTCOne" time="0.0">
    <ignored/>
  </testcase> <!-- sanityTCOne -->
  <testcase classname="zCaptureScreenn.Sanity" name="sanityTCtwo" time="0.0">
    <ignored/>
  </testcase> <!-- sanityTCtwo -->
</testsuite> <!-- allgroupingtest -->
