<?xml version="1.0" encoding="UTF-8"?>
<!-- Generated by org.testng.reporters.JUnitXMLReporter -->
<testsuite ignored="0" hostname="DESKTOP-875B5PA" failures="0" tests="3" name="NewTest" time="0.085" errors="0" timestamp="2025-03-07T16:01:56 IST">
  <testcase classname="zPractice.NewTest" name="@BeforeClass beforeClass" time="-1.741343516381E9">
    <failure type="org.testng.TestNGException" message="
Can inject only one of &amp;lt;ITestContext, XmlTest&amp;gt; into a @BeforeClass annotated beforeClass.
For more information on native dependency injection please refer to https://testng.org/#_dependency_injection">
      <![CDATA[org.testng.TestNGException: 
Can inject only one of <ITestContext, XmlTest> into a @BeforeClass annotated beforeClass.
For more information on native dependency injection please refer to https://testng.org/#_dependency_injection
at java.base/java.util.ArrayList.forEach(ArrayList.java:1597)
... Removed 22 stack frames]]>
    </failure>
  </testcase> <!-- @BeforeClass beforeClass -->
  <testcase classname="zPractice.NewTest" name="@AfterClass afterClass" time="0.0">
    <skipped/>
  </testcase> <!-- @AfterClass afterClass -->
  <testcase classname="zPractice.NewTest" name="f" time="0.0">
    <skipped/>
  </testcase> <!-- f -->
  <testcase classname="zPractice.NewTest" name="m1" time="0.0">
    <skipped/>
  </testcase> <!-- m1 -->
  <testcase classname="zPractice.NewTest" name="m3" time="0.0">
    <skipped/>
  </testcase> <!-- m3 -->
</testsuite> <!-- NewTest -->
