<?xml version="1.0" encoding="UTF-8"?>
<!-- Generated by org.testng.reporters.JUnitXMLReporter -->
<testsuite ignored="0" hostname="DESKTOP-875B5PA" failures="0" tests="1" name="Test" time="2.833" errors="0" timestamp="2025-03-26T15:38:29 IST">
  <testcase classname="basePage.BaseClass" name="@BeforeClass starup" time="2.571">
    <failure type="java.lang.NullPointerException">
      <![CDATA[java.lang.NullPointerException
at java.base/java.util.Objects.requireNonNull(Objects.java:220)
at java.base/java.util.ImmutableCollections$Map1.<init>(ImmutableCollections.java:1114)
at java.base/java.util.Map.of(Map.java:1364)
at org.openqa.selenium.remote.DriverCommand.GET(DriverCommand.java:180)
at org.openqa.selenium.remote.RemoteWebDriver.get(RemoteWebDriver.java:313)
at basePage.BaseClass.starup(BaseClass.java:91)
at java.base/java.util.ArrayList.forEach(ArrayList.java:1597)
... Removed 27 stack frames]]>
    </failure>
  </testcase> <!-- @BeforeClass starup -->
  <testcase classname="testCases.TC_001_Close_popup" name="Able_to_close_query_popup" time="0.0">
    <skipped/>
  </testcase> <!-- Able_to_close_query_popup -->
</testsuite> <!-- Test -->
