<?xml version="1.0" encoding="UTF-8"?>
<!-- Generated by org.testng.reporters.JUnitXMLReporter -->
<testsuite ignored="4" hostname="DESKTOP-875B5PA" failures="0" tests="0" time="0.221" errors="0" timestamp="2025-03-06T18:52:36 IST">
  <testcase classname="zCaptureScreenn.CaptureScreenShots" name="f" time="0.0">
    <ignored/>
  </testcase> <!-- f -->
  <testcase classname="zPractice.NewTest" name="f" time="0.0">
    <ignored/>
  </testcase> <!-- f -->
  <testcase classname="zPractice.NewTest" name="m1" time="0.0">
    <ignored/>
  </testcase> <!-- m1 -->
  <testcase classname="zPractice.NewTest" name="m3" time="0.0">
    <ignored/>
  </testcase> <!-- m3 -->
</testsuite>
