<?xml version="1.0" encoding="UTF-8"?>
<testng-results ignored="0" total="1" passed="1" failed="0" skipped="0">
  <reporter-output>
  </reporter-output>
  <suite started-at="2025-03-25T16:01:35 IST" name="Suite" finished-at="2025-03-25T16:01:41 IST" duration-ms="6818">
    <groups>
    </groups>
    <test started-at="2025-03-25T16:01:35 IST" name="Test" finished-at="2025-03-25T16:01:41 IST" duration-ms="6818">
      <class name="zNewTest.SeleniumGridTC001">
        <test-method is-config="true" signature="setup(java.lang.String,java.lang.String)[pri:0, instance:zNewTest.SeleniumGridTC001@45b4c3a9]" started-at="2025-03-25T16:01:35 IST" name="setup" finished-at="2025-03-25T16:01:41 IST" duration-ms="6104" status="PASS">
          <params>
            <param index="0">
              <value>
                <![CDATA[windows]]>
              </value>
            </param>
            <param index="1">
              <value>
                <![CDATA[chrome]]>
              </value>
            </param>
          </params>
          <reporter-output>
          </reporter-output>
        </test-method> <!-- setup -->
        <test-method signature="Test_Ask_and_Expert()[pri:0, instance:zNewTest.SeleniumGridTC001@45b4c3a9]" started-at="2025-03-25T16:01:41 IST" name="Test_Ask_and_Expert" finished-at="2025-03-25T16:01:41 IST" duration-ms="427" status="PASS">
          <reporter-output>
          </reporter-output>
        </test-method> <!-- Test_Ask_and_Expert -->
      </class> <!-- zNewTest.SeleniumGridTC001 -->
    </test> <!-- Test -->
  </suite> <!-- Suite -->
</testng-results>
